[ 2023-05-24 01:19:06,387 ] 28 root - INFO - Data Ingestion Methods Starts
[ 2023-05-24 01:19:06,487 ] 35 root - INFO - Dataset Read as Pandas Dataframe
[ 2023-05-24 01:19:06,767 ] 43 root - INFO - Train Test Split
[ 2023-05-24 01:19:06,997 ] 54 root - INFO - Data Ingestion is Completed
[ 2023-05-24 01:19:07,101 ] 96 root - INFO - Read train and test data completed
[ 2023-05-24 01:19:07,105 ] 97 root - INFO - Train Dataframe Head : 
   Unnamed: 0  age     workclass  education  education-num      marital-status         occupation   relationship   race     sex  hours-per-week native-country  salary
0       29253   35       Private    HS-grad              9  Married-civ-spouse       Craft-repair        Husband  White    Male              40  United-States       1
1       14267   23       Private    HS-grad              9  Married-civ-spouse  Handlers-cleaners        Husband  White    Male              40  United-States       0
2       26021   39       Private  Bachelors             13  Married-civ-spouse    Exec-managerial           Wife  White  Female              60  United-States       1
3       24278   33       Private    HS-grad              9            Divorced      Other-service      Unmarried  White  Female              32  United-States       0
4        4225   27  Self-emp-inc    HS-grad              9           Separated       Adm-clerical  Not-in-family  White    Male              38  United-States       0
[ 2023-05-24 01:19:07,110 ] 98 root - INFO - Test Dataframe Head  : 
   Unnamed: 0  age  workclass    education  education-num         marital-status      occupation   relationship                race     sex  hours-per-week native-country  salary
0         234   28    Private  Prof-school             15          Never-married  Prof-specialty  Not-in-family               White    Male              55  United-States       1
1       26879   41    Private      HS-grad              9     Married-civ-spouse    Craft-repair        Husband  Asian-Pac-Islander    Male              40         Taiwan       0
2       19182   53    Private      HS-grad              9     Married-civ-spouse   Other-service        Husband               White    Male              50        Germany       1
3       13485   31    Private      HS-grad              9     Married-civ-spouse    Craft-repair        Husband               White    Male              45  United-States       0
4        9625   34  Local-gov    Bachelors             13  Married-spouse-absent  Prof-specialty  Not-in-family               White  Female              40  United-States       0
[ 2023-05-24 01:19:07,110 ] 100 root - INFO - Obtaining preprocessing object
[ 2023-05-24 01:19:07,110 ] 26 root - INFO - Data Transformation initiated
[ 2023-05-24 01:19:07,110 ] 55 root - INFO - Pipeline Initiated
[ 2023-05-24 01:19:07,310 ] 117 root - INFO - Applying preprocessing object on training and testing datasets.
[ 2023-05-24 01:19:07,314 ] 129 root - INFO - Preprocessor pickle file saved
[ 2023-05-24 01:19:07,314 ] 130 root - INFO - Train_arr_shape : (21113, 12)
[ 2023-05-24 01:19:07,314 ] 131 root - INFO - Test_arr_shape : (9049, 12)
[ 2023-05-24 01:19:07,316 ] 29 root - INFO - Splitting Dependent and Independent variables from train and test data
[ 2023-05-24 01:19:07,482 ] 46 root - INFO - Model Report : {'LogisticRegression': 79.58, 'DecisionTreeClassifier': 78.19, 'DecisionTreeClassifier1': 82.59}
[ 2023-05-24 01:19:07,483 ] 59 root - INFO - Best Model Found , Model Name : DecisionTreeClassifier1 , Accuracy_Score : 82.59
